# Logfile created on 2017-10-20 09:36:18 -0400 by logger.rb/56815
D, [2017-10-20T09:36:18.886938 #16676] DEBUG -- : REQUESTING PAGE: GET / with {} and HTTP headers {}
D, [2017-10-20T09:37:15.258401 #7512] DEBUG -- : REQUESTING PAGE: GET / with {} and HTTP headers {}
D, [2017-10-20T09:38:59.952185 #11220] DEBUG -- : REQUESTING PAGE: GET / with {} and HTTP headers {}
D, [2017-10-20T09:40:44.348721 #3480] DEBUG -- : REQUESTING PAGE: GET / with {} and HTTP headers {}
D, [2017-10-20T09:41:42.678956 #15512] DEBUG -- : REQUESTING PAGE: GET / with {} and HTTP headers {}
D, [2017-10-20T09:49:14.790995 #10912] DEBUG -- : REQUESTING PAGE: GET / with {} and HTTP headers {}
D, [2017-10-20T09:49:14.853458 #10912] DEBUG -- : REQUESTING PAGE: GET / with {} and HTTP headers {}
D, [2017-10-20T09:54:48.977743 #1248] DEBUG -- : REQUESTING PAGE: GET / with {} and HTTP headers {}
D, [2017-10-20T09:54:49.033491 #1248] DEBUG -- : REQUESTING PAGE: GET / with {} and HTTP headers {}
D, [2017-10-20T09:56:48.883674 #18048] DEBUG -- : REQUESTING PAGE: GET / with {} and HTTP headers {}
D, [2017-10-20T09:56:48.930516 #18048] DEBUG -- : REQUESTING PAGE: GET / with {} and HTTP headers {}
D, [2017-10-20T09:57:50.110903 #4416] DEBUG -- : REQUESTING PAGE: GET / with {} and HTTP headers {}
D, [2017-10-20T09:57:50.173434 #4416] DEBUG -- : REQUESTING PAGE: GET / with {} and HTTP headers {}
D, [2017-10-20T09:58:19.799753 #10728] DEBUG -- : REQUESTING PAGE: GET / with {} and HTTP headers {}
D, [2017-10-20T09:58:19.862262 #10728] DEBUG -- : REQUESTING PAGE: GET / with {} and HTTP headers {}
D, [2017-10-20T09:59:29.131736 #16736] DEBUG -- : REQUESTING PAGE: GET / with {} and HTTP headers {}
D, [2017-10-20T09:59:29.194218 #16736] DEBUG -- : REQUESTING PAGE: GET / with {} and HTTP headers {}
D, [2017-10-20T10:00:53.377507 #7828] DEBUG -- : REQUESTING PAGE: GET / with {} and HTTP headers {}
D, [2017-10-20T10:00:53.424382 #7828] DEBUG -- : REQUESTING PAGE: GET / with {} and HTTP headers {}
D, [2017-10-20T10:01:05.185822 #12616] DEBUG -- : REQUESTING PAGE: GET / with {} and HTTP headers {}
D, [2017-10-20T10:01:05.248326 #12616] DEBUG -- : REQUESTING PAGE: GET / with {} and HTTP headers {}
D, [2017-10-20T10:02:06.164176 #12980] DEBUG -- : REQUESTING PAGE: GET / with {} and HTTP headers {}
D, [2017-10-20T10:02:06.211058 #12980] DEBUG -- : REQUESTING PAGE: GET / with {} and HTTP headers {}
D, [2017-10-20T10:02:06.226680 #12980] DEBUG -- : REQUESTING PAGE: POST /saludar with {"nombre"=>"Daniel"} and HTTP headers {"HTTP_REFERER"=>"/"}
D, [2017-10-20T10:09:55.244813 #16428] DEBUG -- : REQUESTING PAGE: GET / with {} and HTTP headers {}
D, [2017-10-20T10:09:55.314872 #16428] DEBUG -- : REQUESTING PAGE: GET / with {} and HTTP headers {}
D, [2017-10-20T10:09:55.314872 #16428] DEBUG -- : REQUESTING PAGE: POST /saludar with {"nombre"=>"Daniel"} and HTTP headers {"HTTP_REFERER"=>"/"}
D, [2017-10-20T10:10:13.965427 #14356] DEBUG -- : REQUESTING PAGE: GET / with {} and HTTP headers {}
D, [2017-10-20T10:10:14.027931 #14356] DEBUG -- : REQUESTING PAGE: GET / with {} and HTTP headers {}
D, [2017-10-20T10:10:14.027931 #14356] DEBUG -- : REQUESTING PAGE: POST /saludar with {"nombre"=>"Daniel"} and HTTP headers {"HTTP_REFERER"=>"/"}
D, [2017-10-20T10:10:32.668846 #7124] DEBUG -- : REQUESTING PAGE: GET / with {} and HTTP headers {}
D, [2017-10-20T10:10:32.731385 #7124] DEBUG -- : REQUESTING PAGE: GET / with {} and HTTP headers {}
D, [2017-10-20T10:10:32.731385 #7124] DEBUG -- : REQUESTING PAGE: POST /saludar with {"nombre"=>"Daniel"} and HTTP headers {"HTTP_REFERER"=>"/"}
D, [2017-10-20T10:11:15.897095 #18304] DEBUG -- : REQUESTING PAGE: GET / with {} and HTTP headers {}
D, [2017-10-20T10:11:15.948445 #18304] DEBUG -- : REQUESTING PAGE: GET / with {} and HTTP headers {}
D, [2017-10-20T10:11:15.948445 #18304] DEBUG -- : REQUESTING PAGE: POST /saludar with {"nombre"=>"Daniel"} and HTTP headers {"HTTP_REFERER"=>"/"}
D, [2017-10-21T07:14:59.575070 #6868] DEBUG -- : REQUESTING PAGE: GET / with {} and HTTP headers {}
D, [2017-10-21T07:14:59.668832 #6868] DEBUG -- : REQUESTING PAGE: GET / with {} and HTTP headers {}
D, [2017-10-21T07:14:59.668832 #6868] DEBUG -- : REQUESTING PAGE: POST /saludar with {"nombre"=>"Daniel"} and HTTP headers {"HTTP_REFERER"=>"/"}
D, [2017-10-21T07:16:16.249332 #13608] DEBUG -- : REQUESTING PAGE: GET / with {} and HTTP headers {}
D, [2017-10-21T07:16:16.296207 #13608] DEBUG -- : REQUESTING PAGE: GET / with {} and HTTP headers {}
D, [2017-10-21T07:16:16.296207 #13608] DEBUG -- : REQUESTING PAGE: POST /saludar with {"nombre"=>"Daniel"} and HTTP headers {"HTTP_REFERER"=>"/"}
D, [2017-10-21T07:17:40.074315 #4136] DEBUG -- : REQUESTING PAGE: GET / with {} and HTTP headers {}
D, [2017-10-21T07:17:40.121220 #4136] DEBUG -- : REQUESTING PAGE: GET / with {} and HTTP headers {}
D, [2017-10-21T07:17:40.136820 #4136] DEBUG -- : REQUESTING PAGE: POST /saludar with {"nombre"=>"Daniel"} and HTTP headers {"HTTP_REFERER"=>"/"}
D, [2017-10-21T07:20:17.594632 #8916] DEBUG -- : REQUESTING PAGE: GET / with {} and HTTP headers {}
D, [2017-10-21T07:20:17.641510 #8916] DEBUG -- : REQUESTING PAGE: GET / with {} and HTTP headers {}
D, [2017-10-21T07:20:17.657138 #8916] DEBUG -- : REQUESTING PAGE: POST /saludar with {"nombre"=>"Daniel"} and HTTP headers {"HTTP_REFERER"=>"/"}
D, [2017-10-21T07:21:26.381768 #10948] DEBUG -- : REQUESTING PAGE: GET / with {} and HTTP headers {}
D, [2017-10-21T07:21:26.428636 #10948] DEBUG -- : REQUESTING PAGE: GET / with {} and HTTP headers {}
D, [2017-10-21T07:21:26.428636 #10948] DEBUG -- : REQUESTING PAGE: POST /saludar with {"nombre"=>"Daniel"} and HTTP headers {"HTTP_REFERER"=>"/"}
D, [2017-10-21T07:22:32.974596 #17492] DEBUG -- : REQUESTING PAGE: GET / with {} and HTTP headers {}
D, [2017-10-21T07:22:33.022350 #17492] DEBUG -- : REQUESTING PAGE: GET / with {} and HTTP headers {}
D, [2017-10-21T07:22:33.022350 #17492] DEBUG -- : REQUESTING PAGE: POST /saludar with {"nombre"=>"Daniel"} and HTTP headers {"HTTP_REFERER"=>"/"}
D, [2017-10-21T07:22:44.765747 #15352] DEBUG -- : REQUESTING PAGE: GET / with {} and HTTP headers {}
D, [2017-10-21T07:22:44.812627 #15352] DEBUG -- : REQUESTING PAGE: GET / with {} and HTTP headers {}
D, [2017-10-21T07:22:44.812627 #15352] DEBUG -- : REQUESTING PAGE: POST /saludar with {"nombre"=>"Daniel"} and HTTP headers {"HTTP_REFERER"=>"/"}
D, [2017-10-21T07:23:23.991668 #10416] DEBUG -- : REQUESTING PAGE: GET / with {} and HTTP headers {}
D, [2017-10-21T07:23:24.039998 #10416] DEBUG -- : REQUESTING PAGE: GET / with {} and HTTP headers {}
D, [2017-10-21T07:23:24.044872 #10416] DEBUG -- : REQUESTING PAGE: POST /saludar with {"nombre"=>"Daniel"} and HTTP headers {"HTTP_REFERER"=>"/"}
D, [2017-10-21T07:34:57.972419 #8100] DEBUG -- : REQUESTING PAGE: GET / with {} and HTTP headers {}
D, [2017-10-21T07:34:58.019330 #8100] DEBUG -- : REQUESTING PAGE: GET / with {} and HTTP headers {}
D, [2017-10-21T07:34:58.019330 #8100] DEBUG -- : REQUESTING PAGE: POST /saludar with {"nombre"=>"Daniel"} and HTTP headers {"HTTP_REFERER"=>"/"}
D, [2017-10-21T07:35:49.452612 #3152] DEBUG -- : REQUESTING PAGE: GET / with {} and HTTP headers {}
D, [2017-10-21T07:35:49.504217 #3152] DEBUG -- : REQUESTING PAGE: GET / with {} and HTTP headers {}
D, [2017-10-21T07:37:12.350400 #9368] DEBUG -- : REQUESTING PAGE: GET / with {} and HTTP headers {}
D, [2017-10-21T07:37:12.412904 #9368] DEBUG -- : REQUESTING PAGE: GET / with {} and HTTP headers {}
D, [2017-10-21T07:37:12.412904 #9368] DEBUG -- : REQUESTING PAGE: POST /saludar with {"nombre"=>"Daniel"} and HTTP headers {"HTTP_REFERER"=>"/"}
D, [2017-10-21T07:38:39.196756 #6584] DEBUG -- : REQUESTING PAGE: GET / with {} and HTTP headers {}
D, [2017-10-21T07:38:39.232079 #6584] DEBUG -- : REQUESTING PAGE: GET / with {} and HTTP headers {}
D, [2017-10-21T07:38:39.247681 #6584] DEBUG -- : REQUESTING PAGE: POST /saludar with {"nombre"=>"Daniel"} and HTTP headers {"HTTP_REFERER"=>"/"}
D, [2017-10-21T07:39:49.399846 #5392] DEBUG -- : REQUESTING PAGE: GET / with {} and HTTP headers {}
D, [2017-10-21T07:39:49.466558 #5392] DEBUG -- : REQUESTING PAGE: GET / with {} and HTTP headers {}
D, [2017-10-21T07:39:49.470569 #5392] DEBUG -- : REQUESTING PAGE: POST /saludar with {"nombre"=>"Daniel"} and HTTP headers {"HTTP_REFERER"=>"/"}
D, [2017-10-21T07:40:15.882895 #8928] DEBUG -- : REQUESTING PAGE: GET / with {} and HTTP headers {}
D, [2017-10-21T07:40:15.929774 #8928] DEBUG -- : REQUESTING PAGE: GET / with {} and HTTP headers {}
D, [2017-10-21T07:40:15.945401 #8928] DEBUG -- : REQUESTING PAGE: POST /saludar with {"nombre"=>"Daniel"} and HTTP headers {"HTTP_REFERER"=>"/"}
D, [2017-10-21T07:40:42.688532 #15408] DEBUG -- : REQUESTING PAGE: GET / with {} and HTTP headers {}
D, [2017-10-21T07:40:42.727915 #15408] DEBUG -- : REQUESTING PAGE: GET / with {} and HTTP headers {}
D, [2017-10-21T07:40:42.743542 #15408] DEBUG -- : REQUESTING PAGE: POST /saludar with {"nombre"=>"Daniel"} and HTTP headers {"HTTP_REFERER"=>"/"}
D, [2017-10-21T07:41:18.915207 #17544] DEBUG -- : REQUESTING PAGE: GET / with {} and HTTP headers {}
D, [2017-10-21T07:41:18.962116 #17544] DEBUG -- : REQUESTING PAGE: GET / with {} and HTTP headers {}
D, [2017-10-21T07:41:36.320832 #796] DEBUG -- : REQUESTING PAGE: GET / with {} and HTTP headers {}
D, [2017-10-21T07:41:36.383313 #796] DEBUG -- : REQUESTING PAGE: GET / with {} and HTTP headers {}
D, [2017-10-21T07:42:12.337420 #8740] DEBUG -- : REQUESTING PAGE: GET / with {} and HTTP headers {}
D, [2017-10-21T07:42:12.399953 #8740] DEBUG -- : REQUESTING PAGE: GET / with {} and HTTP headers {}
D, [2017-10-21T07:42:36.468076 #9544] DEBUG -- : REQUESTING PAGE: GET / with {} and HTTP headers {}
D, [2017-10-21T07:42:36.593221 #9544] DEBUG -- : REQUESTING PAGE: GET / with {} and HTTP headers {}
D, [2017-10-21T07:42:55.315845 #11588] DEBUG -- : REQUESTING PAGE: GET / with {} and HTTP headers {}
D, [2017-10-21T07:42:55.362700 #11588] DEBUG -- : REQUESTING PAGE: GET / with {} and HTTP headers {}
D, [2017-10-21T07:43:30.438657 #3484] DEBUG -- : REQUESTING PAGE: GET / with {} and HTTP headers {}
D, [2017-10-21T07:43:30.501164 #3484] DEBUG -- : REQUESTING PAGE: GET / with {} and HTTP headers {}
D, [2017-10-21T07:43:30.501164 #3484] DEBUG -- : REQUESTING PAGE: POST /saludar with {"nombre"=>"Daniel"} and HTTP headers {"HTTP_REFERER"=>"/"}
D, [2017-10-21T07:44:45.702312 #15908] DEBUG -- : REQUESTING PAGE: GET / with {} and HTTP headers {}
D, [2017-10-21T07:44:45.764813 #15908] DEBUG -- : REQUESTING PAGE: GET / with {} and HTTP headers {}
D, [2017-10-21T07:44:45.764813 #15908] DEBUG -- : REQUESTING PAGE: POST /saludar with {"nombre"=>"Daniel"} and HTTP headers {"HTTP_REFERER"=>"/"}
D, [2017-10-21T07:44:45.780413 #15908] DEBUG -- : REQUESTING PAGE: GET / with {} and HTTP headers {}
D, [2017-10-21T07:45:19.256176 #15124] DEBUG -- : REQUESTING PAGE: GET / with {} and HTTP headers {}
D, [2017-10-21T07:45:19.303054 #15124] DEBUG -- : REQUESTING PAGE: GET / with {} and HTTP headers {}
D, [2017-10-21T07:45:19.321489 #15124] DEBUG -- : REQUESTING PAGE: POST /saludar with {"nombre"=>"Daniel"} and HTTP headers {"HTTP_REFERER"=>"/"}
D, [2017-10-21T07:45:19.331191 #15124] DEBUG -- : REQUESTING PAGE: GET / with {} and HTTP headers {}
D, [2017-10-21T07:46:02.958018 #16948] DEBUG -- : REQUESTING PAGE: GET / with {} and HTTP headers {}
D, [2017-10-21T07:46:03.004926 #16948] DEBUG -- : REQUESTING PAGE: GET / with {} and HTTP headers {}
D, [2017-10-21T07:46:03.004926 #16948] DEBUG -- : REQUESTING PAGE: POST /saludar with {"nombre"=>"Daniel"} and HTTP headers {"HTTP_REFERER"=>"/"}
D, [2017-10-21T07:46:03.020525 #16948] DEBUG -- : REQUESTING PAGE: GET / with {} and HTTP headers {}
D, [2017-10-21T07:46:34.269820 #6592] DEBUG -- : REQUESTING PAGE: GET / with {} and HTTP headers {}
D, [2017-10-21T07:46:34.316701 #6592] DEBUG -- : REQUESTING PAGE: GET / with {} and HTTP headers {}
D, [2017-10-21T07:46:34.332328 #6592] DEBUG -- : REQUESTING PAGE: POST /saludar with {"nombre"=>"Daniel"} and HTTP headers {"HTTP_REFERER"=>"/"}
D, [2017-10-21T07:46:34.332328 #6592] DEBUG -- : REQUESTING PAGE: GET / with {} and HTTP headers {}
D, [2017-10-21T07:46:44.802805 #9452] DEBUG -- : REQUESTING PAGE: GET / with {} and HTTP headers {}
D, [2017-10-21T07:46:44.854462 #9452] DEBUG -- : REQUESTING PAGE: GET / with {} and HTTP headers {}
D, [2017-10-21T07:46:44.858836 #9452] DEBUG -- : REQUESTING PAGE: POST /saludar with {"nombre"=>"Daniel"} and HTTP headers {"HTTP_REFERER"=>"/"}
D, [2017-10-21T07:46:44.867692 #9452] DEBUG -- : REQUESTING PAGE: GET / with {} and HTTP headers {}
D, [2017-10-21T07:47:13.531793 #17700] DEBUG -- : REQUESTING PAGE: GET / with {} and HTTP headers {}
D, [2017-10-21T07:47:13.578673 #17700] DEBUG -- : REQUESTING PAGE: GET / with {} and HTTP headers {}
D, [2017-10-21T07:47:13.578673 #17700] DEBUG -- : REQUESTING PAGE: POST /saludar with {"nombre"=>"Daniel"} and HTTP headers {"HTTP_REFERER"=>"/"}
D, [2017-10-21T07:47:13.594300 #17700] DEBUG -- : REQUESTING PAGE: GET / with {} and HTTP headers {}
D, [2017-10-21T07:47:55.241620 #12232] DEBUG -- : REQUESTING PAGE: GET / with {} and HTTP headers {}
D, [2017-10-21T07:47:55.288503 #12232] DEBUG -- : REQUESTING PAGE: GET / with {} and HTTP headers {}
D, [2017-10-21T07:47:55.304127 #12232] DEBUG -- : REQUESTING PAGE: POST /saludar with {"nombre"=>"Daniel", "edad"=>""} and HTTP headers {"HTTP_REFERER"=>"/"}
D, [2017-10-21T07:47:55.304127 #12232] DEBUG -- : REQUESTING PAGE: GET / with {} and HTTP headers {}
D, [2017-10-21T07:48:10.433733 #2736] DEBUG -- : REQUESTING PAGE: GET / with {} and HTTP headers {}
D, [2017-10-21T07:48:10.480610 #2736] DEBUG -- : REQUESTING PAGE: GET / with {} and HTTP headers {}
D, [2017-10-21T07:48:10.538041 #2736] DEBUG -- : REQUESTING PAGE: POST /saludar with {"nombre"=>"Daniel", "edad"=>""} and HTTP headers {"HTTP_REFERER"=>"/"}
D, [2017-10-21T07:48:10.545232 #2736] DEBUG -- : REQUESTING PAGE: GET / with {} and HTTP headers {}
D, [2017-10-21T07:49:11.976838 #15348] DEBUG -- : REQUESTING PAGE: GET / with {} and HTTP headers {}
D, [2017-10-21T07:49:12.041317 #15348] DEBUG -- : REQUESTING PAGE: GET / with {} and HTTP headers {}
D, [2017-10-21T07:49:12.041317 #15348] DEBUG -- : REQUESTING PAGE: POST /saludar with {"nombre"=>"Daniel", "edad"=>""} and HTTP headers {"HTTP_REFERER"=>"/"}
D, [2017-10-21T07:49:12.041317 #15348] DEBUG -- : REQUESTING PAGE: GET / with {} and HTTP headers {}
D, [2017-10-21T07:49:22.576779 #13544] DEBUG -- : REQUESTING PAGE: GET / with {} and HTTP headers {}
D, [2017-10-21T07:49:22.625694 #13544] DEBUG -- : REQUESTING PAGE: GET / with {} and HTTP headers {}
D, [2017-10-21T07:49:22.641321 #13544] DEBUG -- : REQUESTING PAGE: POST /saludar with {"nombre"=>"Daniel", "14"=>""} and HTTP headers {"HTTP_REFERER"=>"/"}
D, [2017-10-21T07:49:22.641321 #13544] DEBUG -- : REQUESTING PAGE: GET / with {} and HTTP headers {}
D, [2017-10-21T07:49:22.641321 #13544] DEBUG -- : REQUESTING PAGE: POST /saludar with {"nombre"=>"Daniel", "14"=>"edad"} and HTTP headers {"HTTP_REFERER"=>"/"}
D, [2017-10-21T07:49:53.121750 #8016] DEBUG -- : REQUESTING PAGE: GET / with {} and HTTP headers {}
D, [2017-10-21T07:49:53.168605 #8016] DEBUG -- : REQUESTING PAGE: GET / with {} and HTTP headers {}
D, [2017-10-21T07:49:53.184229 #8016] DEBUG -- : REQUESTING PAGE: POST /saludar with {"nombre"=>"Daniel", "edad"=>""} and HTTP headers {"HTTP_REFERER"=>"/"}
D, [2017-10-21T07:49:53.184229 #8016] DEBUG -- : REQUESTING PAGE: GET / with {} and HTTP headers {}
D, [2017-10-21T07:50:01.259625 #9144] DEBUG -- : REQUESTING PAGE: GET / with {} and HTTP headers {}
D, [2017-10-21T07:50:01.306656 #9144] DEBUG -- : REQUESTING PAGE: GET / with {} and HTTP headers {}
D, [2017-10-21T07:50:01.306656 #9144] DEBUG -- : REQUESTING PAGE: POST /saludar with {"nombre"=>"Daniel", "edad"=>""} and HTTP headers {"HTTP_REFERER"=>"/"}
D, [2017-10-21T07:50:01.322303 #9144] DEBUG -- : REQUESTING PAGE: GET / with {} and HTTP headers {}
D, [2017-10-21T07:50:01.322303 #9144] DEBUG -- : REQUESTING PAGE: POST /saludar with {"nombre"=>"Daniel", "edad"=>"14"} and HTTP headers {"HTTP_REFERER"=>"/"}
D, [2017-10-21T07:51:02.144105 #220] DEBUG -- : REQUESTING PAGE: GET / with {} and HTTP headers {}
D, [2017-10-21T07:51:02.190982 #220] DEBUG -- : REQUESTING PAGE: GET / with {} and HTTP headers {}
D, [2017-10-21T07:51:02.206609 #220] DEBUG -- : REQUESTING PAGE: POST /saludar with {"nombre"=>"Daniel", "edad"=>""} and HTTP headers {"HTTP_REFERER"=>"/"}
D, [2017-10-21T07:51:02.206609 #220] DEBUG -- : REQUESTING PAGE: GET / with {} and HTTP headers {}
D, [2017-10-21T07:51:02.222235 #220] DEBUG -- : REQUESTING PAGE: POST /saludar with {"nombre"=>"Daniel", "edad"=>"14"} and HTTP headers {"HTTP_REFERER"=>"/"}
D, [2017-10-21T08:00:40.560613 #4052] DEBUG -- : REQUESTING PAGE: GET / with {} and HTTP headers {}
D, [2017-10-21T08:00:40.607520 #4052] DEBUG -- : REQUESTING PAGE: GET / with {} and HTTP headers {}
D, [2017-10-21T08:00:40.623126 #4052] DEBUG -- : REQUESTING PAGE: POST /saludar with {"nombre"=>"Daniel", "edad"=>""} and HTTP headers {"HTTP_REFERER"=>"/"}
D, [2017-10-21T08:00:40.623126 #4052] DEBUG -- : REQUESTING PAGE: GET / with {} and HTTP headers {}
D, [2017-10-21T08:00:40.638748 #4052] DEBUG -- : REQUESTING PAGE: POST /saludar with {"nombre"=>"Daniel", "edad"=>"14"} and HTTP headers {"HTTP_REFERER"=>"/"}
D, [2017-10-21T08:06:36.586731 #14364] DEBUG -- : REQUESTING PAGE: GET / with {} and HTTP headers {}
D, [2017-10-21T08:06:36.642503 #14364] DEBUG -- : REQUESTING PAGE: GET / with {} and HTTP headers {}
D, [2017-10-21T08:06:36.646458 #14364] DEBUG -- : REQUESTING PAGE: POST /saludar with {"nombre"=>"Daniel", "edad"=>""} and HTTP headers {"HTTP_REFERER"=>"/"}
D, [2017-10-21T08:06:36.657080 #14364] DEBUG -- : REQUESTING PAGE: GET / with {} and HTTP headers {}
D, [2017-10-21T08:06:36.664098 #14364] DEBUG -- : REQUESTING PAGE: POST /saludar with {"nombre"=>"Daniel", "edad"=>"14"} and HTTP headers {"HTTP_REFERER"=>"/"}
D, [2017-10-21T08:06:36.668162 #14364] DEBUG -- : REQUESTING PAGE: GET / with {} and HTTP headers {}
D, [2017-10-21T08:06:36.668162 #14364] DEBUG -- : REQUESTING PAGE: POST /saludar with {"nombre"=>"Daniel", "edad"=>"21"} and HTTP headers {"HTTP_REFERER"=>"/"}
D, [2017-10-21T08:06:53.647967 #7108] DEBUG -- : REQUESTING PAGE: GET / with {} and HTTP headers {}
D, [2017-10-21T08:06:53.710448 #7108] DEBUG -- : REQUESTING PAGE: GET / with {} and HTTP headers {}
D, [2017-10-21T08:06:53.710448 #7108] DEBUG -- : REQUESTING PAGE: POST /saludar with {"nombre"=>"Daniel", "edad"=>""} and HTTP headers {"HTTP_REFERER"=>"/"}
D, [2017-10-21T08:06:53.726100 #7108] DEBUG -- : REQUESTING PAGE: GET / with {} and HTTP headers {}
D, [2017-10-21T08:06:53.726100 #7108] DEBUG -- : REQUESTING PAGE: POST /saludar with {"nombre"=>"Daniel", "edad"=>"14"} and HTTP headers {"HTTP_REFERER"=>"/"}
D, [2017-10-21T08:06:53.726100 #7108] DEBUG -- : REQUESTING PAGE: GET / with {} and HTTP headers {}
D, [2017-10-21T08:06:53.741699 #7108] DEBUG -- : REQUESTING PAGE: POST /saludar with {"nombre"=>"Daniel", "edad"=>"21"} and HTTP headers {"HTTP_REFERER"=>"/"}
D, [2017-10-21T08:10:51.307440 #4684] DEBUG -- : REQUESTING PAGE: GET / with {} and HTTP headers {}
D, [2017-10-21T08:10:51.354319 #4684] DEBUG -- : REQUESTING PAGE: GET / with {} and HTTP headers {}
D, [2017-10-21T08:10:51.354319 #4684] DEBUG -- : REQUESTING PAGE: POST /saludar with {"nombre"=>"Daniel", "edad"=>""} and HTTP headers {"HTTP_REFERER"=>"/"}
D, [2017-10-21T08:10:51.463738 #4684] DEBUG -- : REQUESTING PAGE: GET / with {} and HTTP headers {}
D, [2017-10-21T08:10:51.463738 #4684] DEBUG -- : REQUESTING PAGE: POST /saludar with {"nombre"=>"Daniel", "edad"=>"14"} and HTTP headers {"HTTP_REFERER"=>"/"}
D, [2017-10-21T08:10:51.575651 #4684] DEBUG -- : REQUESTING PAGE: GET / with {} and HTTP headers {}
D, [2017-10-21T08:10:51.578659 #4684] DEBUG -- : REQUESTING PAGE: POST /saludar with {"nombre"=>"Daniel", "edad"=>"21"} and HTTP headers {"HTTP_REFERER"=>"/"}
D, [2017-10-21T08:11:59.766304 #12268] DEBUG -- : REQUESTING PAGE: GET / with {} and HTTP headers {}
D, [2017-10-21T08:11:59.813185 #12268] DEBUG -- : REQUESTING PAGE: GET / with {} and HTTP headers {}
D, [2017-10-21T08:11:59.828803 #12268] DEBUG -- : REQUESTING PAGE: POST /saludar with {"nombre"=>"Daniel", "edad"=>""} and HTTP headers {"HTTP_REFERER"=>"/"}
D, [2017-10-21T08:11:59.929749 #12268] DEBUG -- : REQUESTING PAGE: GET / with {} and HTTP headers {}
D, [2017-10-21T08:11:59.935484 #12268] DEBUG -- : REQUESTING PAGE: POST /saludar with {"nombre"=>"Daniel", "edad"=>"14"} and HTTP headers {"HTTP_REFERER"=>"/"}
D, [2017-10-21T08:12:00.016492 #12268] DEBUG -- : REQUESTING PAGE: GET / with {} and HTTP headers {}
D, [2017-10-21T08:12:00.016492 #12268] DEBUG -- : REQUESTING PAGE: POST /saludar with {"nombre"=>"Daniel", "edad"=>"21"} and HTTP headers {"HTTP_REFERER"=>"/"}
D, [2017-10-21T08:12:30.998758 #11612] DEBUG -- : REQUESTING PAGE: GET / with {} and HTTP headers {}
D, [2017-10-21T08:12:31.045636 #11612] DEBUG -- : REQUESTING PAGE: GET / with {} and HTTP headers {}
D, [2017-10-21T08:12:31.045636 #11612] DEBUG -- : REQUESTING PAGE: POST /saludar with {"nombre"=>"Daniel", "edad"=>""} and HTTP headers {"HTTP_REFERER"=>"/"}
D, [2017-10-21T08:12:31.061237 #11612] DEBUG -- : REQUESTING PAGE: GET / with {} and HTTP headers {}
D, [2017-10-21T08:12:31.061237 #11612] DEBUG -- : REQUESTING PAGE: POST /saludar with {"nombre"=>"Daniel", "edad"=>"14"} and HTTP headers {"HTTP_REFERER"=>"/"}
D, [2017-10-21T08:12:31.061237 #11612] DEBUG -- : REQUESTING PAGE: GET / with {} and HTTP headers {}
D, [2017-10-21T08:12:31.061237 #11612] DEBUG -- : REQUESTING PAGE: POST /saludar with {"nombre"=>"Daniel", "edad"=>"21"} and HTTP headers {"HTTP_REFERER"=>"/"}
D, [2017-10-21T08:13:16.017335 #11236] DEBUG -- : REQUESTING PAGE: GET / with {} and HTTP headers {}
D, [2017-10-21T08:13:16.064184 #11236] DEBUG -- : REQUESTING PAGE: GET / with {} and HTTP headers {}
D, [2017-10-21T08:13:16.079811 #11236] DEBUG -- : REQUESTING PAGE: POST /saludar with {"nombre"=>"Daniel", "edad"=>""} and HTTP headers {"HTTP_REFERER"=>"/"}
D, [2017-10-21T08:13:16.173572 #11236] DEBUG -- : REQUESTING PAGE: GET / with {} and HTTP headers {}
D, [2017-10-21T08:13:16.173572 #11236] DEBUG -- : REQUESTING PAGE: POST /saludar with {"nombre"=>"Daniel", "edad"=>"14"} and HTTP headers {"HTTP_REFERER"=>"/"}
D, [2017-10-21T08:13:16.270868 #11236] DEBUG -- : REQUESTING PAGE: GET / with {} and HTTP headers {}
D, [2017-10-21T08:13:16.274881 #11236] DEBUG -- : REQUESTING PAGE: POST /saludar with {"nombre"=>"Daniel", "edad"=>"21"} and HTTP headers {"HTTP_REFERER"=>"/"}
D, [2017-10-21T08:13:59.027048 #4288] DEBUG -- : REQUESTING PAGE: GET / with {} and HTTP headers {}
D, [2017-10-21T08:13:59.073957 #4288] DEBUG -- : REQUESTING PAGE: GET / with {} and HTTP headers {}
D, [2017-10-21T08:13:59.089554 #4288] DEBUG -- : REQUESTING PAGE: POST /saludar with {"nombre"=>"Daniel", "edad"=>""} and HTTP headers {"HTTP_REFERER"=>"/"}
D, [2017-10-21T08:13:59.089554 #4288] DEBUG -- : REQUESTING PAGE: GET / with {} and HTTP headers {}
D, [2017-10-21T08:13:59.089554 #4288] DEBUG -- : REQUESTING PAGE: POST /saludar with {"nombre"=>"Daniel", "edad"=>"14"} and HTTP headers {"HTTP_REFERER"=>"/"}
D, [2017-10-21T08:13:59.089554 #4288] DEBUG -- : REQUESTING PAGE: GET / with {} and HTTP headers {}
D, [2017-10-21T08:13:59.105181 #4288] DEBUG -- : REQUESTING PAGE: POST /saludar with {"nombre"=>"Daniel", "edad"=>"21"} and HTTP headers {"HTTP_REFERER"=>"/"}
D, [2017-10-21T08:14:13.890952 #14700] DEBUG -- : REQUESTING PAGE: GET / with {} and HTTP headers {}
D, [2017-10-21T08:14:13.937803 #14700] DEBUG -- : REQUESTING PAGE: GET / with {} and HTTP headers {}
D, [2017-10-21T08:14:13.953428 #14700] DEBUG -- : REQUESTING PAGE: POST /saludar with {"nombre"=>"Daniel", "edad"=>""} and HTTP headers {"HTTP_REFERER"=>"/"}
D, [2017-10-21T08:14:13.953428 #14700] DEBUG -- : REQUESTING PAGE: GET / with {} and HTTP headers {}
D, [2017-10-21T08:14:13.953428 #14700] DEBUG -- : REQUESTING PAGE: POST /saludar with {"nombre"=>"Daniel", "edad"=>"14"} and HTTP headers {"HTTP_REFERER"=>"/"}
D, [2017-10-21T08:14:13.953428 #14700] DEBUG -- : REQUESTING PAGE: GET / with {} and HTTP headers {}
D, [2017-10-21T08:14:13.969056 #14700] DEBUG -- : REQUESTING PAGE: POST /saludar with {"nombre"=>"Daniel", "edad"=>"21"} and HTTP headers {"HTTP_REFERER"=>"/"}
D, [2017-10-21T08:30:27.632749 #2692] DEBUG -- : REQUESTING PAGE: GET / with {} and HTTP headers {}
D, [2017-10-21T08:30:27.676118 #2692] DEBUG -- : REQUESTING PAGE: GET / with {} and HTTP headers {}
D, [2017-10-21T08:30:27.676118 #2692] DEBUG -- : REQUESTING PAGE: POST /saludar with {"nombre"=>"Daniel", "edad"=>""} and HTTP headers {"HTTP_REFERER"=>"/"}
D, [2017-10-21T08:30:27.691715 #2692] DEBUG -- : REQUESTING PAGE: GET / with {} and HTTP headers {}
D, [2017-10-21T08:30:27.691715 #2692] DEBUG -- : REQUESTING PAGE: POST /saludar with {"nombre"=>"Daniel", "edad"=>"14"} and HTTP headers {"HTTP_REFERER"=>"/"}
D, [2017-10-21T08:30:27.691715 #2692] DEBUG -- : REQUESTING PAGE: GET / with {} and HTTP headers {}
D, [2017-10-21T08:30:27.691715 #2692] DEBUG -- : REQUESTING PAGE: POST /saludar with {"nombre"=>"Daniel", "edad"=>"21"} and HTTP headers {"HTTP_REFERER"=>"/"}
D, [2017-10-25T04:05:04.064495 #16644] DEBUG -- : REQUESTING PAGE: GET / with {} and HTTP headers {}
D, [2017-10-25T04:08:55.745238 #17528] DEBUG -- : REQUESTING PAGE: GET / with {} and HTTP headers {}
D, [2017-10-25T04:09:34.563344 #18332] DEBUG -- : REQUESTING PAGE: GET / with {} and HTTP headers {}
D, [2017-10-25T04:11:04.702823 #17368] DEBUG -- : REQUESTING PAGE: GET / with {} and HTTP headers {}
D, [2017-10-25T04:12:41.299032 #16608] DEBUG -- : REQUESTING PAGE: GET / with {} and HTTP headers {}
D, [2017-10-25T04:12:41.725595 #16608] DEBUG -- : REQUESTING PAGE: GET / with {} and HTTP headers {}
D, [2017-10-25T04:13:08.661162 #17100] DEBUG -- : REQUESTING PAGE: GET / with {} and HTTP headers {}
D, [2017-10-25T04:13:08.707785 #17100] DEBUG -- : REQUESTING PAGE: GET / with {} and HTTP headers {}
D, [2017-10-25T04:13:58.370190 #17228] DEBUG -- : REQUESTING PAGE: GET / with {} and HTTP headers {}
D, [2017-10-25T04:13:58.416148 #17228] DEBUG -- : REQUESTING PAGE: GET / with {} and HTTP headers {}
D, [2017-10-25T04:14:19.076438 #18280] DEBUG -- : REQUESTING PAGE: GET / with {} and HTTP headers {}
D, [2017-10-25T04:14:19.122746 #18280] DEBUG -- : REQUESTING PAGE: GET / with {} and HTTP headers {}
D, [2017-10-25T04:14:37.522120 #10296] DEBUG -- : REQUESTING PAGE: GET / with {} and HTTP headers {}
D, [2017-10-25T04:14:37.570220 #10296] DEBUG -- : REQUESTING PAGE: GET / with {} and HTTP headers {}
D, [2017-10-25T04:17:39.100775 #14672] DEBUG -- : REQUESTING PAGE: GET / with {} and HTTP headers {}
D, [2017-10-25T04:17:39.150236 #14672] DEBUG -- : REQUESTING PAGE: GET / with {} and HTTP headers {}
D, [2017-10-25T04:18:10.975109 #4560] DEBUG -- : REQUESTING PAGE: GET / with {} and HTTP headers {}
D, [2017-10-25T04:18:11.022806 #4560] DEBUG -- : REQUESTING PAGE: GET / with {} and HTTP headers {}
D, [2017-10-25T04:18:11.027189 #4560] DEBUG -- : REQUESTING PAGE: POST /jugarpartido with {"jugador 1"=>"Pedro", "jugador 2"=>"Pepe"} and HTTP headers {"HTTP_REFERER"=>"/"}
D, [2017-10-25T04:19:07.518681 #17792] DEBUG -- : REQUESTING PAGE: GET / with {} and HTTP headers {}
D, [2017-10-25T04:19:07.565806 #17792] DEBUG -- : REQUESTING PAGE: GET / with {} and HTTP headers {}
D, [2017-10-25T04:19:07.570319 #17792] DEBUG -- : REQUESTING PAGE: POST /jugarpartido with {"jugador 1"=>"Pedro", "jugador 2"=>"Pepe"} and HTTP headers {"HTTP_REFERER"=>"/"}
D, [2017-10-25T04:22:38.163929 #17756] DEBUG -- : REQUESTING PAGE: GET / with {} and HTTP headers {}
D, [2017-10-25T04:22:38.210524 #17756] DEBUG -- : REQUESTING PAGE: GET / with {} and HTTP headers {}
D, [2017-10-25T04:22:38.214863 #17756] DEBUG -- : REQUESTING PAGE: POST /jugarpartido with {"jugador1"=>"Pedro", "jugador2"=>"Pepe"} and HTTP headers {"HTTP_REFERER"=>"/"}
D, [2017-10-25T04:27:10.887763 #13400] DEBUG -- : REQUESTING PAGE: GET / with {} and HTTP headers {}
D, [2017-10-25T04:27:10.940875 #13400] DEBUG -- : REQUESTING PAGE: GET / with {} and HTTP headers {}
D, [2017-10-25T04:27:10.944885 #13400] DEBUG -- : REQUESTING PAGE: POST /jugarpartido with {"jugador1"=>"Pedro", "jugador2"=>"Pepe"} and HTTP headers {"HTTP_REFERER"=>"/"}
D, [2017-10-25T04:27:28.301785 #16588] DEBUG -- : REQUESTING PAGE: GET / with {} and HTTP headers {}
D, [2017-10-25T04:27:28.350916 #16588] DEBUG -- : REQUESTING PAGE: GET / with {} and HTTP headers {}
D, [2017-10-25T04:27:28.355086 #16588] DEBUG -- : REQUESTING PAGE: POST /jugarpartido with {"jugador1"=>"Pedro", "jugador2"=>"Pepe"} and HTTP headers {"HTTP_REFERER"=>"/"}
